Arguments: 
  C:\Program Files\nodejs\node.exe C:\Users\凌罗\AppData\Roaming\npm\node_modules\yarn\bin\yarn.js add webpack-dev-server --save-dev

PATH: 
  D:\app\MrLuo\product\11.2.0\dbhome_1\bin;C:\Program Files\Java\jdk1.8.0_131\bin;C:\Program Files\Java\jdk1.8.0_131\jre\bin;C:\ProgramData\Oracle\Java\javapath;C:\Program Files (x86)\Common Files\Oracle\Java\javapath;C:\Program Files (x86)\Intel\iCLS Client\;C:\Program Files\Intel\iCLS Client\;C:\Windows\system32;C:\Windows;C:\Windows\System32\Wbem;C:\Windows\System32\WindowsPowerShell\v1.0\;C:\Program Files (x86)\NVIDIA Corporation\PhysX\Common;C:\Program Files (x86)\Intel\Intel(R) Management Engine Components\DAL;C:\Program Files\Intel\Intel(R) Management Engine Components\DAL;C:\Program Files (x86)\Intel\Intel(R) Management Engine Components\IPT;C:\Program Files\Intel\Intel(R) Management Engine Components\IPT;C:\WINDOWS\system32;C:\WINDOWS;C:\WINDOWS\System32\Wbem;C:\WINDOWS\System32\WindowsPowerShell\v1.0\;C:\Program Files (x86)\Microsoft SQL Server\100\Tools\Binn\;C:\Program Files\Microsoft SQL Server\100\Tools\Binn\;C:\Program Files\Microsoft SQL Server\100\DTS\Binn\;C:\Program Files (x86)\Windows Kits\8.1\Windows Performance Toolkit\;C:\Program Files\Microsoft SQL Server\110\Tools\Binn\;C:\WINDOWS\System32\OpenSSH\;C:\ProgramData\chocolatey\bin;D:\wamp\bin\php\php7.2.4;C:\ProgramData\ComposerSetup\bin;C:\Program Files\nodejs\node_global\stylus;C:\Go\bin;D:\Git\cmd;C:\Program Files\nodejs\;D:\Anaconda3;D:\Anaconda3\Library\mingw-w64\bin;D:\Anaconda3\Library\usr\bin;D:\Anaconda3\Library\bin;D:\Anaconda3\Scripts;D:\Python\Python36\Scripts\;D:\Python\Python36\;C:\Users\凌罗\AppData\Local\Microsoft\WindowsApps;C;\Program Files\nodejs\node_global;C:\Users\凌罗\AppData\Local\ComposerSetup\bin;C;\Users\凌罗\AppData\Roaming\Composer\vendor\bin;C;\Users\凌罗\AppData\Roaming\Composer\vendor\bin;C:\Users\凌罗\AppData\Roaming\Composer\vendor\bin;D:\Programs\Microsoft VS Code\bin;C:\Users\凌罗\go\bin;C:\Users\凌罗\AppData\Roaming\npm

Yarn version: 
  1.22.4

Node version: 
  12.16.3

Platform: 
  win32 x64

Trace: 
  Error: ENOENT: no such file or directory, copyfile 'C:\Users\凌罗\AppData\Local\Yarn\Cache\v6\npm-inherits-2.0.1-b17d08d326b4423e568eff719f91b0b1cbdf69f1-integrity\node_modules\inherits\LICENSE' -> 'C:\Users\凌罗\Desktop\lesson_bm\react\code9\lemon\node_modules\assert\node_modules\inherits\LICENSE'

npm manifest: 
  {
    "name": "lemon",
    "version": "1.0.0",
    "description": "",
    "main": "index.js",
    "scripts": {
      "test": "echo \"Error: no test specified\" && exit 1"
    },
    "author": "",
    "license": "ISC",
    "devDependencies": {
      "webpack": "^4.43.0",
      "webpack-cli": "^3.3.11"
    }
  }

yarn manifest: 
  No manifest

Lockfile: 
  No lockfile
